#
# There is insufficient memory for the Java Runtime Environment to continue.
# Native memory allocation (mmap) failed to map 65536 bytes. Error detail: Failed to commit metaspace.
# Possible reasons:
#   The system is out of physical RAM or swap space
#   This process is running with CompressedOops enabled, and the Java Heap may be blocking the growth of the native heap
# Possible solutions:
#   Reduce memory load on the system
#   Increase physical memory or swap space
#   Check if swap backing store is full
#   Decrease Java heap size (-Xmx/-Xms)
#   Decrease number of Java threads
#   Decrease Java thread stack sizes (-Xss)
#   Set larger code cache with -XX:ReservedCodeCacheSize=
#   JVM is running with Unscaled Compressed Oops mode in which the Java heap is
#     placed in the first 4GB address space. The Java Heap base address is the
#     maximum limit for the native heap growth. Please use -XX:HeapBaseMinAddress
#     to set the Java Heap base and to place the Java Heap above 4GB virtual address.
# This output file may be truncated or incomplete.
#
#  Out of Memory Error (virtualSpaceNode.cpp:110), pid=5760, tid=6676
#
# JRE version: OpenJDK Runtime Environment Corretto-17.0.16.8.1 (17.0.16+8) (build 17.0.16+8-LTS)
# Java VM: OpenJDK 64-Bit Server VM Corretto-17.0.16.8.1 (17.0.16+8-LTS, mixed mode, sharing, tiered, compressed oops, compressed class ptrs, g1 gc, windows-amd64)
# No core dump will be written. Minidumps are not enabled by default on client versions of Windows
#

---------------  S U M M A R Y ------------

Command Line: -Xmx64m -Xms64m -Dorg.gradle.appname=gradlew org.gradle.wrapper.GradleWrapperMain app:installDebug -PreactNativeDevServerPort=8081

Host: AMD Ryzen 3 2200U with Radeon Vega Mobile Gfx  , 4 cores, 3G,  Windows 10 , 64 bit Build 19041 (10.0.19041.5915)
Time: Mon Jul 28 15:23:58 2025 Türkiye Standart Saati elapsed time: 0.900623 seconds (0d 0h 0m 0s)

---------------  T H R E A D  ---------------

Current thread (0x000001d04d811be0):  JavaThread "main" [_thread_in_vm, id=6676, stack(0x000000b50ec00000,0x000000b50ed00000)]

Stack: [0x000000b50ec00000,0x000000b50ed00000]
Native frames: (J=compiled Java code, j=interpreted, Vv=VM code, C=native code)
V  [jvm.dll+0x681329]
V  [jvm.dll+0x838dda]
V  [jvm.dll+0x83a89e]
V  [jvm.dll+0x83af03]
V  [jvm.dll+0x2484af]
V  [jvm.dll+0x834a8d]
V  [jvm.dll+0x62563e]
V  [jvm.dll+0x1c1e3b]
V  [jvm.dll+0x627fcd]
V  [jvm.dll+0x625fe6]
V  [jvm.dll+0x23dcd0]
V  [jvm.dll+0x1ec8fb]
V  [jvm.dll+0x1e2291]
V  [jvm.dll+0x54555e]
V  [jvm.dll+0x7b2dd8]
V  [jvm.dll+0x7b2ec4]
V  [jvm.dll+0x4120c9]
V  [jvm.dll+0x418299]
C  [java.dll+0x17ec]

Java frames: (J=compiled Java code, j=interpreted, Vv=VM code)
j  java.lang.ClassLoader.defineClass1(Ljava/lang/ClassLoader;Ljava/lang/String;[BIILjava/security/ProtectionDomain;Ljava/lang/String;)Ljava/lang/Class;+0 java.base@17.0.16
j  java.lang.ClassLoader.defineClass(Ljava/lang/String;[BIILjava/security/ProtectionDomain;)Ljava/lang/Class;+27 java.base@17.0.16
j  java.security.SecureClassLoader.defineClass(Ljava/lang/String;[BIILjava/security/CodeSource;)Ljava/lang/Class;+12 java.base@17.0.16
j  java.net.URLClassLoader.defineClass(Ljava/lang/String;Ljdk/internal/loader/Resource;)Ljava/lang/Class;+220 java.base@17.0.16
j  java.net.URLClassLoader$1.run()Ljava/lang/Class;+43 java.base@17.0.16
j  java.net.URLClassLoader$1.run()Ljava/lang/Object;+1 java.base@17.0.16
j  java.security.AccessController.executePrivileged(Ljava/security/PrivilegedExceptionAction;Ljava/security/AccessControlContext;Ljava/lang/Class;)Ljava/lang/Object;+29 java.base@17.0.16
j  java.security.AccessController.doPrivileged(Ljava/security/PrivilegedExceptionAction;Ljava/security/AccessControlContext;)Ljava/lang/Object;+13 java.base@17.0.16
j  java.net.URLClassLoader.findClass(Ljava/lang/String;)Ljava/lang/Class;+13 java.base@17.0.16
j  java.lang.ClassLoader.loadClass(Ljava/lang/String;Z)Ljava/lang/Class;+69 java.base@17.0.16
j  java.lang.ClassLoader.loadClass(Ljava/lang/String;)Ljava/lang/Class;+3 java.base@17.0.16
v  ~StubRoutines::call_stub
j  java.lang.ClassLoader.defineClass1(Ljava/lang/ClassLoader;Ljava/lang/String;[BIILjava/security/ProtectionDomain;Ljava/lang/String;)Ljava/lang/Class;+0 java.base@17.0.16
j  java.lang.ClassLoader.defineClass(Ljava/lang/String;[BIILjava/security/ProtectionDomain;)Ljava/lang/Class;+27 java.base@17.0.16
j  java.security.SecureClassLoader.defineClass(Ljava/lang/String;[BIILjava/security/CodeSource;)Ljava/lang/Class;+12 java.base@17.0.16
j  java.net.URLClassLoader.defineClass(Ljava/lang/String;Ljdk/internal/loader/Resource;)Ljava/lang/Class;+220 java.base@17.0.16
j  java.net.URLClassLoader$1.run()Ljava/lang/Class;+43 java.base@17.0.16
j  java.net.URLClassLoader$1.run()Ljava/lang/Object;+1 java.base@17.0.16
j  java.security.AccessController.executePrivileged(Ljava/security/PrivilegedExceptionAction;Ljava/security/AccessControlContext;Ljava/lang/Class;)Ljava/lang/Object;+29 java.base@17.0.16
j  java.security.AccessController.doPrivileged(Ljava/security/PrivilegedExceptionAction;Ljava/security/AccessControlContext;)Ljava/lang/Object;+13 java.base@17.0.16
j  java.net.URLClassLoader.findClass(Ljava/lang/String;)Ljava/lang/Class;+13 java.base@17.0.16
j  java.lang.ClassLoader.loadClass(Ljava/lang/String;Z)Ljava/lang/Class;+69 java.base@17.0.16
j  java.lang.ClassLoader.loadClass(Ljava/lang/String;)Ljava/lang/Class;+3 java.base@17.0.16
v  ~StubRoutines::call_stub
j  java.lang.ClassLoader.defineClass1(Ljava/lang/ClassLoader;Ljava/lang/String;[BIILjava/security/ProtectionDomain;Ljava/lang/String;)Ljava/lang/Class;+0 java.base@17.0.16
j  java.lang.ClassLoader.defineClass(Ljava/lang/String;[BIILjava/security/ProtectionDomain;)Ljava/lang/Class;+27 java.base@17.0.16
j  java.security.SecureClassLoader.defineClass(Ljava/lang/String;[BIILjava/security/CodeSource;)Ljava/lang/Class;+12 java.base@17.0.16
j  java.net.URLClassLoader.defineClass(Ljava/lang/String;Ljdk/internal/loader/Resource;)Ljava/lang/Class;+220 java.base@17.0.16
j  java.net.URLClassLoader$1.run()Ljava/lang/Class;+43 java.base@17.0.16
j  java.net.URLClassLoader$1.run()Ljava/lang/Object;+1 java.base@17.0.16
j  java.security.AccessController.executePrivileged(Ljava/security/PrivilegedExceptionAction;Ljava/security/AccessControlContext;Ljava/lang/Class;)Ljava/lang/Object;+29 java.base@17.0.16
j  java.security.AccessController.doPrivileged(Ljava/security/PrivilegedExceptionAction;Ljava/security/AccessControlContext;)Ljava/lang/Object;+13 java.base@17.0.16
j  java.net.URLClassLoader.findClass(Ljava/lang/String;)Ljava/lang/Class;+13 java.base@17.0.16
j  java.lang.ClassLoader.loadClass(Ljava/lang/String;Z)Ljava/lang/Class;+69 java.base@17.0.16
j  java.lang.ClassLoader.loadClass(Ljava/lang/String;)Ljava/lang/Class;+3 java.base@17.0.16
v  ~StubRoutines::call_stub
j  org.gradle.launcher.cli.DefaultCommandLineActionFactory.createLoggingServices()Lorg/gradle/internal/service/ServiceRegistry;+0
j  org.gradle.launcher.cli.DefaultCommandLineActionFactory.convert(Ljava/util/List;)Lorg/gradle/launcher/bootstrap/CommandLineActionFactory$CommandLineExecution;+1
j  org.gradle.launcher.Main.doAction([Ljava/lang/String;Lorg/gradle/launcher/bootstrap/ExecutionListener;)V+8
j  org.gradle.launcher.bootstrap.EntryPoint.run([Ljava/lang/String;)V+12
v  ~StubRoutines::call_stub
j  jdk.internal.reflect.NativeMethodAccessorImpl.invoke0(Ljava/lang/reflect/Method;Ljava/lang/Object;[Ljava/lang/Object;)Ljava/lang/Object;+0 java.base@17.0.16
j  jdk.internal.reflect.NativeMethodAccessorImpl.invoke(Ljava/lang/Object;[Ljava/lang/Object;)Ljava/lang/Object;+133 java.base@17.0.16
j  jdk.internal.reflect.DelegatingMethodAccessorImpl.invoke(Ljava/lang/Object;[Ljava/lang/Object;)Ljava/lang/Object;+6 java.base@17.0.16
j  java.lang.reflect.Method.invoke(Ljava/lang/Object;[Ljava/lang/Object;)Ljava/lang/Object;+59 java.base@17.0.16
j  org.gradle.launcher.bootstrap.ProcessBootstrap.runNoExit(Ljava/lang/String;[Ljava/lang/String;)V+155
j  org.gradle.launcher.bootstrap.ProcessBootstrap.run(Ljava/lang/String;[Ljava/lang/String;)V+2
v  ~StubRoutines::call_stub
j  jdk.internal.reflect.NativeMethodAccessorImpl.invoke0(Ljava/lang/reflect/Method;Ljava/lang/Object;[Ljava/lang/Object;)Ljava/lang/Object;+0 java.base@17.0.16
j  jdk.internal.reflect.NativeMethodAccessorImpl.invoke(Ljava/lang/Object;[Ljava/lang/Object;)Ljava/lang/Object;+133 java.base@17.0.16
j  jdk.internal.reflect.DelegatingMethodAccessorImpl.invoke(Ljava/lang/Object;[Ljava/lang/Object;)Ljava/lang/Object;+6 java.base@17.0.16
j  java.lang.reflect.Method.invoke(Ljava/lang/Object;[Ljava/lang/Object;)Ljava/lang/Object;+59 java.base@17.0.16
j  org.gradle.launcher.GradleMain.main([Ljava/lang/String;)V+100
v  ~StubRoutines::call_stub
j  jdk.internal.reflect.NativeMethodAccessorImpl.invoke0(Ljava/lang/reflect/Method;Ljava/lang/Object;[Ljava/lang/Object;)Ljava/lang/Object;+0 java.base@17.0.16
j  jdk.internal.reflect.NativeMethodAccessorImpl.invoke(Ljava/lang/Object;[Ljava/lang/Object;)Ljava/lang/Object;+133 java.base@17.0.16
j  jdk.internal.reflect.DelegatingMethodAccessorImpl.invoke(Ljava/lang/Object;[Ljava/lang/Object;)Ljava/lang/Object;+6 java.base@17.0.16
j  java.lang.reflect.Method.invoke(Ljava/lang/Object;[Ljava/lang/Object;)Ljava/lang/Object;+59 java.base@17.0.16
j  org.gradle.wrapper.BootstrapMainStarter.start([Ljava/lang/String;Ljava/io/File;)V+105
j  org.gradle.wrapper.WrapperExecutor.execute([Ljava/lang/String;Lorg/gradle/wrapper/Install;Lorg/gradle/wrapper/BootstrapMainStarter;)V+14
j  org.gradle.wrapper.GradleWrapperMain.main([Ljava/lang/String;)V+206
v  ~StubRoutines::call_stub

---------------  P R O C E S S  ---------------

Threads class SMR info:
_java_thread_list=0x000001d066bb4070, length=12, elements={
0x000001d04d811be0, 0x000001d066990c00, 0x000001d066992130, 0x000001d0669a79c0,
0x000001d0669a8750, 0x000001d0669ac7e0, 0x000001d0669ae860, 0x000001d0669b51c0,
0x000001d0669b9340, 0x000001d0669ccbf0, 0x000001d066bdc6f0, 0x000001d066c034b0
}

Java Threads: ( => current thread )
=>0x000001d04d811be0 JavaThread "main" [_thread_in_vm, id=6676, stack(0x000000b50ec00000,0x000000b50ed00000)]
  0x000001d066990c00 JavaThread "Reference Handler" daemon [_thread_blocked, id=8932, stack(0x000000b50f300000,0x000000b50f400000)]
  0x000001d066992130 JavaThread "Finalizer" daemon [_thread_blocked, id=11344, stack(0x000000b50f400000,0x000000b50f500000)]
  0x000001d0669a79c0 JavaThread "Signal Dispatcher" daemon [_thread_blocked, id=4008, stack(0x000000b50f500000,0x000000b50f600000)]
  0x000001d0669a8750 JavaThread "Attach Listener" daemon [_thread_blocked, id=11432, stack(0x000000b50f600000,0x000000b50f700000)]
  0x000001d0669ac7e0 JavaThread "Service Thread" daemon [_thread_blocked, id=3572, stack(0x000000b50f700000,0x000000b50f800000)]
  0x000001d0669ae860 JavaThread "Monitor Deflation Thread" daemon [_thread_blocked, id=4876, stack(0x000000b50f800000,0x000000b50f900000)]
  0x000001d0669b51c0 JavaThread "C2 CompilerThread0" daemon [_thread_in_native, id=12620, stack(0x000000b50f900000,0x000000b50fa00000)]
  0x000001d0669b9340 JavaThread "C1 CompilerThread0" daemon [_thread_blocked, id=6392, stack(0x000000b50fa00000,0x000000b50fb00000)]
  0x000001d0669ccbf0 JavaThread "Sweeper thread" daemon [_thread_blocked, id=12056, stack(0x000000b50fb00000,0x000000b50fc00000)]
  0x000001d066bdc6f0 JavaThread "Notification Thread" daemon [_thread_blocked, id=13936, stack(0x000000b50fc00000,0x000000b50fd00000)]
  0x000001d066c034b0 JavaThread "Common-Cleaner" daemon [_thread_blocked, id=8520, stack(0x000000b50fe00000,0x000000b50ff00000)]

Other Threads:
  0x000001d0669885d0 VMThread "VM Thread" [stack: 0x000000b50f200000,0x000000b50f300000] [id=8992]
  0x000001d066c00bf0 WatcherThread [stack: 0x000000b50fd00000,0x000000b50fe00000] [id=11996]
  0x000001d04d82fa30 GCTaskThread "GC Thread#0" [stack: 0x000000b50ed00000,0x000000b50ee00000] [id=6352]
  0x000001d066da8290 GCTaskThread "GC Thread#1" [stack: 0x000000b50ff00000,0x000000b510000000] [id=8308]
  0x000001d06b103870 GCTaskThread "GC Thread#2" [stack: 0x000000b510000000,0x000000b510100000] [id=10208]
  0x000001d06b103b30 GCTaskThread "GC Thread#3" [stack: 0x000000b510100000,0x000000b510200000] [id=1156]
  0x000001d04d831090 ConcurrentGCThread "G1 Main Marker" [stack: 0x000000b50ee00000,0x000000b50ef00000] [id=5436]
  0x000001d04d8319c0 ConcurrentGCThread "G1 Conc#0" [stack: 0x000000b50ef00000,0x000000b50f000000] [id=4684]
  0x000001d04d87e110 ConcurrentGCThread "G1 Refine#0" [stack: 0x000000b50f000000,0x000000b50f100000] [id=10660]
  0x000001d04d87ea50 ConcurrentGCThread "G1 Service" [stack: 0x000000b50f100000,0x000000b50f200000] [id=11012]

Threads with active compile tasks:
C2 CompilerThread0      945  595       4       java.util.HashMap::putVal (300 bytes)

VM state: not at safepoint (normal execution)

VM Mutex/Monitor currently owned by a thread:  ([mutex/lock_event])
[0x000001d04d7fae90] Metaspace_lock - owner thread: 0x000001d04d811be0

Heap address: 0x00000000fc000000, size: 64 MB, Compressed Oops mode: 32-bit

CDS archive(s) mapped at: [0x000001d000000000-0x000001d000bb0000-0x000001d000bb0000), size 12255232, SharedBaseAddress: 0x000001d000000000, ArchiveRelocationMode: 1.
Compressed class space mapped at: 0x000001d001000000-0x000001d041000000, reserved size: 1073741824
Narrow klass base: 0x000001d000000000, Narrow klass shift: 0, Narrow klass range: 0x100000000

GC Precious Log:
 CPUs: 4 total, 4 available
 Memory: 3484M
 Large Page Support: Disabled
 NUMA Support: Disabled
 Compressed Oops: Enabled (32-bit)
 Heap Region Size: 1M
 Heap Min Capacity: 64M
 Heap Initial Capacity: 64M
 Heap Max Capacity: 64M
 Pre-touch: Disabled
 Parallel Workers: 4
 Concurrent Workers: 1
 Concurrent Refinement Workers: 4
 Periodic GC: Disabled

Heap:
 garbage-first heap   total 65536K, used 4176K [0x00000000fc000000, 0x0000000100000000)
  region size 1024K, 4 young (4096K), 2 survivors (2048K)
 Metaspace       used 1921K, committed 2048K, reserved 1114112K
  class space    used 178K, committed 256K, reserved 1048576K

Heap Regions: E=young(eden), S=young(survivor), O=old, HS=humongous(starts), HC=humongous(continues), CS=collection set, F=free, OA=open archive, CA=closed archive, TAMS=top-at-mark-start (previous, next)
|   0|0x00000000fc000000, 0x00000000fc100000, 0x00000000fc100000|100%| O|  |TAMS 0x00000000fc000000, 0x00000000fc000000| Untracked 
|   1|0x00000000fc100000, 0x00000000fc114200, 0x00000000fc200000|  7%| O|  |TAMS 0x00000000fc100000, 0x00000000fc100000| Untracked 
|   2|0x00000000fc200000, 0x00000000fc200000, 0x00000000fc300000|  0%| F|  |TAMS 0x00000000fc200000, 0x00000000fc200000| Untracked 
|   3|0x00000000fc300000, 0x00000000fc300000, 0x00000000fc400000|  0%| F|  |TAMS 0x00000000fc300000, 0x00000000fc300000| Untracked 
|   4|0x00000000fc400000, 0x00000000fc400000, 0x00000000fc500000|  0%| F|  |TAMS 0x00000000fc400000, 0x00000000fc400000| Untracked 
|   5|0x00000000fc500000, 0x00000000fc500000, 0x00000000fc600000|  0%| F|  |TAMS 0x00000000fc500000, 0x00000000fc500000| Untracked 
|   6|0x00000000fc600000, 0x00000000fc600000, 0x00000000fc700000|  0%| F|  |TAMS 0x00000000fc600000, 0x00000000fc600000| Untracked 
|   7|0x00000000fc700000, 0x00000000fc700000, 0x00000000fc800000|  0%| F|  |TAMS 0x00000000fc700000, 0x00000000fc700000| Untracked 
|   8|0x00000000fc800000, 0x00000000fc800000, 0x00000000fc900000|  0%| F|  |TAMS 0x00000000fc800000, 0x00000000fc800000| Untracked 
|   9|0x00000000fc900000, 0x00000000fc900000, 0x00000000fca00000|  0%| F|  |TAMS 0x00000000fc900000, 0x00000000fc900000| Untracked 
|  10|0x00000000fca00000, 0x00000000fca00000, 0x00000000fcb00000|  0%| F|  |TAMS 0x00000000fca00000, 0x00000000fca00000| Untracked 
|  11|0x00000000fcb00000, 0x00000000fcb00000, 0x00000000fcc00000|  0%| F|  |TAMS 0x00000000fcb00000, 0x00000000fcb00000| Untracked 
|  12|0x00000000fcc00000, 0x00000000fcc00000, 0x00000000fcd00000|  0%| F|  |TAMS 0x00000000fcc00000, 0x00000000fcc00000| Untracked 
|  13|0x00000000fcd00000, 0x00000000fcd00000, 0x00000000fce00000|  0%| F|  |TAMS 0x00000000fcd00000, 0x00000000fcd00000| Untracked 
|  14|0x00000000fce00000, 0x00000000fce00000, 0x00000000fcf00000|  0%| F|  |TAMS 0x00000000fce00000, 0x00000000fce00000| Untracked 
|  15|0x00000000fcf00000, 0x00000000fcf00000, 0x00000000fd000000|  0%| F|  |TAMS 0x00000000fcf00000, 0x00000000fcf00000| Untracked 
|  16|0x00000000fd000000, 0x00000000fd000000, 0x00000000fd100000|  0%| F|  |TAMS 0x00000000fd000000, 0x00000000fd000000| Untracked 
|  17|0x00000000fd100000, 0x00000000fd100000, 0x00000000fd200000|  0%| F|  |TAMS 0x00000000fd100000, 0x00000000fd100000| Untracked 
|  18|0x00000000fd200000, 0x00000000fd200000, 0x00000000fd300000|  0%| F|  |TAMS 0x00000000fd200000, 0x00000000fd200000| Untracked 
|  19|0x00000000fd300000, 0x00000000fd300000, 0x00000000fd400000|  0%| F|  |TAMS 0x00000000fd300000, 0x00000000fd300000| Untracked 
|  20|0x00000000fd400000, 0x00000000fd400000, 0x00000000fd500000|  0%| F|  |TAMS 0x00000000fd400000, 0x00000000fd400000| Untracked 
|  21|0x00000000fd500000, 0x00000000fd500000, 0x00000000fd600000|  0%| F|  |TAMS 0x00000000fd500000, 0x00000000fd500000| Untracked 
|  22|0x00000000fd600000, 0x00000000fd600000, 0x00000000fd700000|  0%| F|  |TAMS 0x00000000fd600000, 0x00000000fd600000| Untracked 
|  23|0x00000000fd700000, 0x00000000fd700000, 0x00000000fd800000|  0%| F|  |TAMS 0x00000000fd700000, 0x00000000fd700000| Untracked 
|  24|0x00000000fd800000, 0x00000000fd800000, 0x00000000fd900000|  0%| F|  |TAMS 0x00000000fd800000, 0x00000000fd800000| Untracked 
|  25|0x00000000fd900000, 0x00000000fd900000, 0x00000000fda00000|  0%| F|  |TAMS 0x00000000fd900000, 0x00000000fd900000| Untracked 
|  26|0x00000000fda00000, 0x00000000fda00000, 0x00000000fdb00000|  0%| F|  |TAMS 0x00000000fda00000, 0x00000000fda00000| Untracked 
|  27|0x00000000fdb00000, 0x00000000fdb00000, 0x00000000fdc00000|  0%| F|  |TAMS 0x00000000fdb00000, 0x00000000fdb00000| Untracked 
|  28|0x00000000fdc00000, 0x00000000fdc00000, 0x00000000fdd00000|  0%| F|  |TAMS 0x00000000fdc00000, 0x00000000fdc00000| Untracked 
|  29|0x00000000fdd00000, 0x00000000fdd00000, 0x00000000fde00000|  0%| F|  |TAMS 0x00000000fdd00000, 0x00000000fdd00000| Untracked 
|  30|0x00000000fde00000, 0x00000000fde00000, 0x00000000fdf00000|  0%| F|  |TAMS 0x00000000fde00000, 0x00000000fde00000| Untracked 
|  31|0x00000000fdf00000, 0x00000000fdf00000, 0x00000000fe000000|  0%| F|  |TAMS 0x00000000fdf00000, 0x00000000fdf00000| Untracked 
|  32|0x00000000fe000000, 0x00000000fe000000, 0x00000000fe100000|  0%| F|  |TAMS 0x00000000fe000000, 0x00000000fe000000| Untracked 
|  33|0x00000000fe100000, 0x00000000fe100000, 0x00000000fe200000|  0%| F|  |TAMS 0x00000000fe100000, 0x00000000fe100000| Untracked 
|  34|0x00000000fe200000, 0x00000000fe200000, 0x00000000fe300000|  0%| F|  |TAMS 0x00000000fe200000, 0x00000000fe200000| Untracked 
|  35|0x00000000fe300000, 0x00000000fe300000, 0x00000000fe400000|  0%| F|  |TAMS 0x00000000fe300000, 0x00000000fe300000| Untracked 
|  36|0x00000000fe400000, 0x00000000fe400000, 0x00000000fe500000|  0%| F|  |TAMS 0x00000000fe400000, 0x00000000fe400000| Untracked 
|  37|0x00000000fe500000, 0x00000000fe500000, 0x00000000fe600000|  0%| F|  |TAMS 0x00000000fe500000, 0x00000000fe500000| Untracked 
|  38|0x00000000fe600000, 0x00000000fe600000, 0x00000000fe700000|  0%| F|  |TAMS 0x00000000fe600000, 0x00000000fe600000| Untracked 
|  39|0x00000000fe700000, 0x00000000fe700000, 0x00000000fe800000|  0%| F|  |TAMS 0x00000000fe700000, 0x00000000fe700000| Untracked 
|  40|0x00000000fe800000, 0x00000000fe800000, 0x00000000fe900000|  0%| F|  |TAMS 0x00000000fe800000, 0x00000000fe800000| Untracked 
|  41|0x00000000fe900000, 0x00000000fe900000, 0x00000000fea00000|  0%| F|  |TAMS 0x00000000fe900000, 0x00000000fe900000| Untracked 
|  42|0x00000000fea00000, 0x00000000fea00000, 0x00000000feb00000|  0%| F|  |TAMS 0x00000000fea00000, 0x00000000fea00000| Untracked 
|  43|0x00000000feb00000, 0x00000000feb00000, 0x00000000fec00000|  0%| F|  |TAMS 0x00000000feb00000, 0x00000000feb00000| Untracked 
|  44|0x00000000fec00000, 0x00000000fec00000, 0x00000000fed00000|  0%| F|  |TAMS 0x00000000fec00000, 0x00000000fec00000| Untracked 
|  45|0x00000000fed00000, 0x00000000fed00000, 0x00000000fee00000|  0%| F|  |TAMS 0x00000000fed00000, 0x00000000fed00000| Untracked 
|  46|0x00000000fee00000, 0x00000000fee00000, 0x00000000fef00000|  0%| F|  |TAMS 0x00000000fee00000, 0x00000000fee00000| Untracked 
|  47|0x00000000fef00000, 0x00000000fef00000, 0x00000000ff000000|  0%| F|  |TAMS 0x00000000fef00000, 0x00000000fef00000| Untracked 
|  48|0x00000000ff000000, 0x00000000ff000000, 0x00000000ff100000|  0%| F|  |TAMS 0x00000000ff000000, 0x00000000ff000000| Untracked 
|  49|0x00000000ff100000, 0x00000000ff200000, 0x00000000ff200000|100%| S|CS|TAMS 0x00000000ff100000, 0x00000000ff100000| Complete 
|  50|0x00000000ff200000, 0x00000000ff300000, 0x00000000ff300000|100%| S|CS|TAMS 0x00000000ff200000, 0x00000000ff200000| Complete 
|  51|0x00000000ff300000, 0x00000000ff300000, 0x00000000ff400000|  0%| F|  |TAMS 0x00000000ff300000, 0x00000000ff300000| Untracked 
|  52|0x00000000ff400000, 0x00000000ff400000, 0x00000000ff500000|  0%| F|  |TAMS 0x00000000ff400000, 0x00000000ff400000| Untracked 
|  53|0x00000000ff500000, 0x00000000ff500000, 0x00000000ff600000|  0%| F|  |TAMS 0x00000000ff500000, 0x00000000ff500000| Untracked 
|  54|0x00000000ff600000, 0x00000000ff600000, 0x00000000ff700000|  0%| F|  |TAMS 0x00000000ff600000, 0x00000000ff600000| Untracked 
|  55|0x00000000ff700000, 0x00000000ff700000, 0x00000000ff800000|  0%| F|  |TAMS 0x00000000ff700000, 0x00000000ff700000| Untracked 
|  56|0x00000000ff800000, 0x00000000ff800000, 0x00000000ff900000|  0%| F|  |TAMS 0x00000000ff800000, 0x00000000ff800000| Untracked 
|  57|0x00000000ff900000, 0x00000000ff900000, 0x00000000ffa00000|  0%| F|  |TAMS 0x00000000ff900000, 0x00000000ff900000| Untracked 
|  58|0x00000000ffa00000, 0x00000000ffa00000, 0x00000000ffb00000|  0%| F|  |TAMS 0x00000000ffa00000, 0x00000000ffa00000| Untracked 
|  59|0x00000000ffb00000, 0x00000000ffb00000, 0x00000000ffc00000|  0%| F|  |TAMS 0x00000000ffb00000, 0x00000000ffb00000| Untracked 
|  60|0x00000000ffc00000, 0x00000000ffc00000, 0x00000000ffd00000|  0%| F|  |TAMS 0x00000000ffc00000, 0x00000000ffc00000| Untracked 
|  61|0x00000000ffd00000, 0x00000000ffd00000, 0x00000000ffe00000|  0%| F|  |TAMS 0x00000000ffd00000, 0x00000000ffd00000| Untracked 
|  62|0x00000000ffe00000, 0x00000000ffe504d8, 0x00000000fff00000| 31%| E|  |TAMS 0x00000000ffe00000, 0x00000000ffe00000| Complete 
|  63|0x00000000fff00000, 0x0000000100000000, 0x0000000100000000|100%| E|CS|TAMS 0x00000000fff00000, 0x00000000fff00000| Complete 

Card table byte_map: [0x000001d04d600000,0x000001d04d620000] _byte_map_base: 0x000001d04ce20000

Marking Bits (Prev, Next): (CMBitMap*) 0x000001d04d82ff60, (CMBitMap*) 0x000001d04d82ffa0
 Prev Bits: [0x000001d04d640000, 0x000001d04d740000)
 Next Bits: [0x000001d064360000, 0x000001d064460000)

Polling page: 0x000001d04b7d0000

Metaspace:

Usage:
  Non-class:      1.70 MB used.
      Class:    178.83 KB used.
       Both:      1.88 MB used.

Virtual space:
  Non-class space:       64.00 MB reserved,       1.75 MB (  3%) committed,  1 nodes.
      Class space:        1.00 GB reserved,     256.00 KB ( <1%) committed,  1 nodes.
             Both:        1.06 GB reserved,       2.00 MB ( <1%) committed. 

Chunk freelists:
   Non-Class:  11.61 MB
       Class:  15.68 MB
        Both:  27.29 MB

MaxMetaspaceSize: unlimited
CompressedClassSpaceSize: 1.00 GB
Initial GC threshold: 21.00 MB
Current GC threshold: 21.00 MB
CDS: on
MetaspaceReclaimPolicy: balanced
 - commit_granule_bytes: 65536.
 - commit_granule_words: 8192.
 - virtual_space_node_default_size: 8388608.
 - enlarge_chunks_in_place: 1.
 - new_chunks_are_fully_committed: 0.
 - uncommit_free_chunks: 1.
 - use_allocation_guard: 0.
 - handle_deallocations: 1.


Internal statistics:

num_allocs_failed_limit: 0.
num_arena_births: 14.
num_arena_deaths: 0.
num_vsnodes_births: 2.
num_vsnodes_deaths: 0.
num_space_committed: 32.
num_space_uncommitted: 0.
num_chunks_returned_to_freelist: 0.
num_chunks_taken_from_freelist: 50.
num_chunk_merges: 0.
num_chunk_splits: 28.
num_chunks_enlarged: 22.
num_inconsistent_stats: 0.

CodeHeap 'non-profiled nmethods': size=120000Kb used=204Kb max_used=204Kb free=119796Kb
 bounds [0x000001d05ce30000, 0x000001d05d0a0000, 0x000001d064360000]
CodeHeap 'profiled nmethods': size=120000Kb used=977Kb max_used=977Kb free=119023Kb
 bounds [0x000001d055360000, 0x000001d0555d0000, 0x000001d05c890000]
CodeHeap 'non-nmethods': size=5760Kb used=1121Kb max_used=1139Kb free=4638Kb
 bounds [0x000001d05c890000, 0x000001d05cb00000, 0x000001d05ce30000]
 total_blobs=999 nmethods=597 adapters=315
 compilation: enabled
              stopped_count=0, restarted_count=0
 full_count=0

Compilation events (20 events):
Event: 0.866 Thread 0x000001d0669b9340 nmethod 588 0x000001d05ce62710 code [0x000001d05ce628a0, 0x000001d05ce62978]
Event: 0.866 Thread 0x000001d0669b9340  589       1       sun.nio.fs.WindowsPathParser$Result::root (5 bytes)
Event: 0.866 Thread 0x000001d0669b9340 nmethod 589 0x000001d05ce62a10 code [0x000001d05ce62ba0, 0x000001d05ce62c78]
Event: 0.866 Thread 0x000001d0669b9340  590       1       sun.nio.fs.WindowsPathParser$Result::path (5 bytes)
Event: 0.866 Thread 0x000001d0669b9340 nmethod 590 0x000001d05ce62d10 code [0x000001d05ce62ea0, 0x000001d05ce62f78]
Event: 0.868 Thread 0x000001d0669b9340  591       3       java.lang.String::newStringUTF8NoRepl (272 bytes)
Event: 0.869 Thread 0x000001d0669b9340 nmethod 591 0x000001d05544e610 code [0x000001d05544e8e0, 0x000001d05544f878]
Event: 0.869 Thread 0x000001d0669b9340  593  s!   3       jdk.internal.loader.URLClassPath::getLoader (194 bytes)
Event: 0.870 Thread 0x000001d0669b9340 nmethod 593 0x000001d05544fe10 code [0x000001d055450120, 0x000001d055451428]
Event: 0.871 Thread 0x000001d0669b9340  592       3       java.util.HashSet::<init> (16 bytes)
Event: 0.871 Thread 0x000001d0669b51c0  595       4       java.util.HashMap::putVal (300 bytes)
Event: 0.871 Thread 0x000001d0669b9340 nmethod 592 0x000001d055451b90 code [0x000001d055451d60, 0x000001d055452178]
Event: 0.871 Thread 0x000001d0669b9340  594   !   3       jdk.internal.loader.URLClassPath$JarLoader::getResource (65 bytes)
Event: 0.871 Thread 0x000001d0669b9340 nmethod 594 0x000001d055452310 code [0x000001d055452560, 0x000001d055452ec8]
Event: 0.873 Thread 0x000001d0669b9340  596       3       jdk.internal.access.SharedSecrets::javaUtilJarAccess (19 bytes)
Event: 0.873 Thread 0x000001d0669b9340 nmethod 596 0x000001d055453210 code [0x000001d055453400, 0x000001d0554537a8]
Event: 0.876 Thread 0x000001d0669b9340  597       3       java.util.jar.Attributes::get (11 bytes)
Event: 0.876 Thread 0x000001d0669b9340 nmethod 597 0x000001d055453990 code [0x000001d055453b40, 0x000001d055453d08]
Event: 0.878 Thread 0x000001d0669b9340  599       3       java.util.jar.Attributes::getValue (9 bytes)
Event: 0.878 Thread 0x000001d0669b9340 nmethod 599 0x000001d055453e10 code [0x000001d055453fc0, 0x000001d0554542e8]

GC Heap History (2 events):
Event: 0.830 GC heap before
{Heap before GC invocations=0 (full 0):
 garbage-first heap   total 65536K, used 13312K [0x00000000fc000000, 0x0000000100000000)
  region size 1024K, 13 young (13312K), 0 survivors (0K)
 Metaspace       used 1841K, committed 1984K, reserved 1114112K
  class space    used 170K, committed 192K, reserved 1048576K
}
Event: 0.839 GC heap after
{Heap after GC invocations=1 (full 0):
 garbage-first heap   total 65536K, used 3152K [0x00000000fc000000, 0x0000000100000000)
  region size 1024K, 2 young (2048K), 2 survivors (2048K)
 Metaspace       used 1841K, committed 1984K, reserved 1114112K
  class space    used 170K, committed 192K, reserved 1048576K
}

Dll operation events (6 events):
Event: 0.012 Loaded shared library C:\Program Files\Amazon Corretto\jdk17.0.16_8\bin\java.dll
Event: 0.056 Loaded shared library C:\Program Files\Amazon Corretto\jdk17.0.16_8\bin\jsvml.dll
Event: 0.118 Loaded shared library C:\Program Files\Amazon Corretto\jdk17.0.16_8\bin\net.dll
Event: 0.123 Loaded shared library C:\Program Files\Amazon Corretto\jdk17.0.16_8\bin\nio.dll
Event: 0.131 Loaded shared library C:\Program Files\Amazon Corretto\jdk17.0.16_8\bin\zip.dll
Event: 0.728 Loaded shared library C:\Program Files\Amazon Corretto\jdk17.0.16_8\bin\jimage.dll

Deoptimization events (20 events):
Event: 0.786 Thread 0x000001d04d811be0 DEOPT PACKING pc=0x000001d05539b098 sp=0x000000b50ecf9050
Event: 0.786 Thread 0x000001d04d811be0 DEOPT UNPACKING pc=0x000001d05c8e7143 sp=0x000000b50ecf8510 mode 0
Event: 0.803 Thread 0x000001d04d811be0 Uncommon trap: trap_request=0xffffffde fr.pc=0x000001d05ce59a58 relative=0x0000000000000ed8
Event: 0.803 Thread 0x000001d04d811be0 Uncommon trap: reason=class_check action=maybe_recompile pc=0x000001d05ce59a58 method=java.util.HashMap.putVal(ILjava/lang/Object;Ljava/lang/Object;ZZ)Ljava/lang/Object; @ 203 c2
Event: 0.803 Thread 0x000001d04d811be0 DEOPT PACKING pc=0x000001d05ce59a58 sp=0x000000b50ecf96c0
Event: 0.803 Thread 0x000001d04d811be0 DEOPT UNPACKING pc=0x000001d05c8e69a3 sp=0x000000b50ecf9650 mode 2
Event: 0.856 Thread 0x000001d04d811be0 Uncommon trap: trap_request=0xffffffde fr.pc=0x000001d05ce599b8 relative=0x0000000000000e38
Event: 0.856 Thread 0x000001d04d811be0 Uncommon trap: reason=class_check action=maybe_recompile pc=0x000001d05ce599b8 method=java.util.HashMap.putVal(ILjava/lang/Object;Ljava/lang/Object;ZZ)Ljava/lang/Object; @ 91 c2
Event: 0.856 Thread 0x000001d04d811be0 DEOPT PACKING pc=0x000001d05ce599b8 sp=0x000000b50ecf96c0
Event: 0.856 Thread 0x000001d04d811be0 DEOPT UNPACKING pc=0x000001d05c8e69a3 sp=0x000000b50ecf9650 mode 2
Event: 0.861 Thread 0x000001d04d811be0 Uncommon trap: trap_request=0xffffffde fr.pc=0x000001d05ce59a58 relative=0x0000000000000ed8
Event: 0.861 Thread 0x000001d04d811be0 Uncommon trap: reason=class_check action=maybe_recompile pc=0x000001d05ce59a58 method=java.util.HashMap.putVal(ILjava/lang/Object;Ljava/lang/Object;ZZ)Ljava/lang/Object; @ 203 c2
Event: 0.861 Thread 0x000001d04d811be0 DEOPT PACKING pc=0x000001d05ce59a58 sp=0x000000b50ecf96c0
Event: 0.861 Thread 0x000001d04d811be0 DEOPT UNPACKING pc=0x000001d05c8e69a3 sp=0x000000b50ecf9650 mode 2
Event: 0.863 Thread 0x000001d04d811be0 Uncommon trap: trap_request=0xffffffde fr.pc=0x000001d05ce599b8 relative=0x0000000000000e38
Event: 0.863 Thread 0x000001d04d811be0 Uncommon trap: reason=class_check action=maybe_recompile pc=0x000001d05ce599b8 method=java.util.HashMap.putVal(ILjava/lang/Object;Ljava/lang/Object;ZZ)Ljava/lang/Object; @ 91 c2
Event: 0.863 Thread 0x000001d04d811be0 DEOPT PACKING pc=0x000001d05ce599b8 sp=0x000000b50ecf96c0
Event: 0.863 Thread 0x000001d04d811be0 DEOPT UNPACKING pc=0x000001d05c8e69a3 sp=0x000000b50ecf9650 mode 2
Event: 0.877 Thread 0x000001d04d811be0 DEOPT PACKING pc=0x000001d05539b098 sp=0x000000b50ecf6f90
Event: 0.877 Thread 0x000001d04d811be0 DEOPT UNPACKING pc=0x000001d05c8e7143 sp=0x000000b50ecf6450 mode 0

Classes loaded (20 events):
Event: 0.273 Loading class java/util/Vector
Event: 0.274 Loading class java/util/Vector done
Event: 0.274 Loading class java/io/FilePermissionCollection$1
Event: 0.274 Loading class java/io/FilePermissionCollection$1 done
Event: 0.275 Loading class sun/security/util/ManifestEntryVerifier
Event: 0.275 Loading class sun/security/util/ManifestEntryVerifier done
Event: 0.327 Loading class java/net/MalformedURLException
Event: 0.327 Loading class java/net/MalformedURLException done
Event: 0.332 Loading class java/io/FileFilter
Event: 0.332 Loading class java/io/FileFilter done
Event: 0.428 Loading class java/util/AbstractList$Itr
Event: 0.428 Loading class java/util/AbstractList$Itr done
Event: 0.459 Loading class java/lang/invoke/DirectMethodHandle$Special
Event: 0.459 Loading class java/lang/invoke/DirectMethodHandle$Special done
Event: 0.766 Loading class java/io/BufferedReader
Event: 0.766 Loading class java/io/BufferedReader done
Event: 0.766 Loading class sun/nio/cs/StreamDecoder
Event: 0.767 Loading class sun/nio/cs/StreamDecoder done
Event: 0.767 Loading class sun/nio/cs/UTF_8$Decoder
Event: 0.768 Loading class sun/nio/cs/UTF_8$Decoder done

Classes unloaded (0 events):
No events

Classes redefined (0 events):
No events

Internal exceptions (1 events):
Event: 0.321 Thread 0x000001d04d811be0 Exception <a 'java/lang/NoSuchMethodError'{0x00000000ffc631f8}: 'int java.lang.invoke.DirectMethodHandle$Holder.invokeStaticInit(java.lang.Object, java.lang.Object)'> (0x00000000ffc631f8) 
thrown [s\src\hotspot\share\interpreter\linkResolver.cpp, line 759]

VM Operations (4 events):
Event: 0.133 Executing VM operation: HandshakeAllThreads
Event: 0.134 Executing VM operation: HandshakeAllThreads done
Event: 0.827 Executing VM operation: G1CollectForAllocation
Event: 0.839 Executing VM operation: G1CollectForAllocation done

Memory protections (0 events):
No events

Nmethod flushes (0 events):
No events

Events (12 events):
Event: 0.056 Thread 0x000001d04d811be0 Thread added: 0x000001d04d811be0
Event: 0.060 Thread 0x000001d04d811be0 Thread added: 0x000001d066990c00
Event: 0.060 Thread 0x000001d04d811be0 Thread added: 0x000001d066992130
Event: 0.077 Thread 0x000001d04d811be0 Thread added: 0x000001d0669a79c0
Event: 0.077 Thread 0x000001d04d811be0 Thread added: 0x000001d0669a8750
Event: 0.077 Thread 0x000001d04d811be0 Thread added: 0x000001d0669ac7e0
Event: 0.077 Thread 0x000001d04d811be0 Thread added: 0x000001d0669ae860
Event: 0.077 Thread 0x000001d04d811be0 Thread added: 0x000001d0669b51c0
Event: 0.077 Thread 0x000001d04d811be0 Thread added: 0x000001d0669b9340
Event: 0.078 Thread 0x000001d04d811be0 Thread added: 0x000001d0669ccbf0
Event: 0.106 Thread 0x000001d04d811be0 Thread added: 0x000001d066bdc6f0
Event: 0.109 Thread 0x000001d04d811be0 Thread added: 0x000001d066c034b0


Dynamic libraries:
0x00007ff76cb20000 - 0x00007ff76cb2e000 	C:\Program Files\Amazon Corretto\jdk17.0.16_8\bin\java.exe
0x00007ffe947f0000 - 0x00007ffe949e8000 	C:\Windows\SYSTEM32\ntdll.dll
0x00007ffe93d30000 - 0x00007ffe93df2000 	C:\Windows\System32\KERNEL32.DLL
0x00007ffe92400000 - 0x00007ffe926f6000 	C:\Windows\System32\KERNELBASE.dll
0x00007ffe91e80000 - 0x00007ffe91f80000 	C:\Windows\System32\ucrtbase.dll
0x00007ffe7f5e0000 - 0x00007ffe7f5f7000 	C:\Program Files\Amazon Corretto\jdk17.0.16_8\bin\jli.dll
0x00007ffe93ab0000 - 0x00007ffe93c4d000 	C:\Windows\System32\USER32.dll
0x00007ffe7df30000 - 0x00007ffe7df4b000 	C:\Program Files\Amazon Corretto\jdk17.0.16_8\bin\VCRUNTIME140.dll
0x00007ffe825b0000 - 0x00007ffe8284a000 	C:\Windows\WinSxS\amd64_microsoft.windows.common-controls_6595b64144ccf1df_6.0.19041.5915_none_60b4b9d171f9c7c7\COMCTL32.dll
0x00007ffe922b0000 - 0x00007ffe922d2000 	C:\Windows\System32\win32u.dll
0x00007ffe93170000 - 0x00007ffe9320e000 	C:\Windows\System32\msvcrt.dll
0x00007ffe92de0000 - 0x00007ffe92e0b000 	C:\Windows\System32\GDI32.dll
0x00007ffe922e0000 - 0x00007ffe923f9000 	C:\Windows\System32\gdi32full.dll
0x00007ffe921e0000 - 0x00007ffe9227d000 	C:\Windows\System32\msvcp_win.dll
0x00007ffe92d10000 - 0x00007ffe92d3f000 	C:\Windows\System32\IMM32.DLL
0x00007ffe8a780000 - 0x00007ffe8a78c000 	C:\Program Files\Amazon Corretto\jdk17.0.16_8\bin\vcruntime140_1.dll
0x00007ffe6c8f0000 - 0x00007ffe6c97d000 	C:\Program Files\Amazon Corretto\jdk17.0.16_8\bin\msvcp140.dll
0x00007ffe32d40000 - 0x00007ffe339ac000 	C:\Program Files\Amazon Corretto\jdk17.0.16_8\bin\server\jvm.dll
0x00007ffe92820000 - 0x00007ffe928d1000 	C:\Windows\System32\ADVAPI32.dll
0x00007ffe92d40000 - 0x00007ffe92ddf000 	C:\Windows\System32\sechost.dll
0x00007ffe929c0000 - 0x00007ffe92ae3000 	C:\Windows\System32\RPCRT4.dll
0x00007ffe92280000 - 0x00007ffe922a7000 	C:\Windows\System32\bcrypt.dll
0x00007ffe93c60000 - 0x00007ffe93ccb000 	C:\Windows\System32\WS2_32.dll
0x00007ffe91ce0000 - 0x00007ffe91d2b000 	C:\Windows\SYSTEM32\POWRPROF.dll
0x00007ffe86860000 - 0x00007ffe86887000 	C:\Windows\SYSTEM32\WINMM.dll
0x00007ffe8fde0000 - 0x00007ffe8fdea000 	C:\Windows\SYSTEM32\VERSION.dll
0x00007ffe91cc0000 - 0x00007ffe91cd2000 	C:\Windows\SYSTEM32\UMPDC.dll
0x00007ffe906a0000 - 0x00007ffe906b2000 	C:\Windows\SYSTEM32\kernel.appcore.dll
0x00007ffe886a0000 - 0x00007ffe886aa000 	C:\Program Files\Amazon Corretto\jdk17.0.16_8\bin\jimage.dll
0x00007ffe88f90000 - 0x00007ffe89191000 	C:\Windows\SYSTEM32\DBGHELP.DLL
0x00007ffe7cdf0000 - 0x00007ffe7ce24000 	C:\Windows\SYSTEM32\dbgcore.DLL
0x00007ffe92780000 - 0x00007ffe92802000 	C:\Windows\System32\bcryptPrimitives.dll
0x00007ffe7dd10000 - 0x00007ffe7dd35000 	C:\Program Files\Amazon Corretto\jdk17.0.16_8\bin\java.dll
0x00007ffe6c810000 - 0x00007ffe6c8e7000 	C:\Program Files\Amazon Corretto\jdk17.0.16_8\bin\jsvml.dll
0x00007ffe93fb0000 - 0x00007ffe9471e000 	C:\Windows\System32\SHELL32.dll
0x00007ffe8fee0000 - 0x00007ffe90684000 	C:\Windows\SYSTEM32\windows.storage.dll
0x00007ffe92e10000 - 0x00007ffe93163000 	C:\Windows\System32\combase.dll
0x00007ffe917e0000 - 0x00007ffe9180b000 	C:\Windows\SYSTEM32\Wldp.dll
0x00007ffe939d0000 - 0x00007ffe93a9d000 	C:\Windows\System32\OLEAUT32.dll
0x00007ffe93730000 - 0x00007ffe937dd000 	C:\Windows\System32\SHCORE.dll
0x00007ffe93910000 - 0x00007ffe9396b000 	C:\Windows\System32\shlwapi.dll
0x00007ffe91db0000 - 0x00007ffe91dd4000 	C:\Windows\SYSTEM32\profapi.dll
0x00007ffe7b3f0000 - 0x00007ffe7b409000 	C:\Program Files\Amazon Corretto\jdk17.0.16_8\bin\net.dll
0x00007ffe88c10000 - 0x00007ffe88d1a000 	C:\Windows\SYSTEM32\WINHTTP.dll
0x00007ffe91540000 - 0x00007ffe915aa000 	C:\Windows\system32\mswsock.dll
0x00007ffe7b330000 - 0x00007ffe7b346000 	C:\Program Files\Amazon Corretto\jdk17.0.16_8\bin\nio.dll
0x00007ffe7a160000 - 0x00007ffe7a178000 	C:\Program Files\Amazon Corretto\jdk17.0.16_8\bin\zip.dll

dbghelp: loaded successfully - version: 4.0.5 - missing functions: none
symbol engine: initialized successfully - sym options: 0x614 - pdb path: .;C:\Program Files\Amazon Corretto\jdk17.0.16_8\bin;C:\Windows\SYSTEM32;C:\Windows\WinSxS\amd64_microsoft.windows.common-controls_6595b64144ccf1df_6.0.19041.5915_none_60b4b9d171f9c7c7;C:\Program Files\Amazon Corretto\jdk17.0.16_8\bin\server

VM Arguments:
jvm_args: -Xmx64m -Xms64m -Dorg.gradle.appname=gradlew 
java_command: org.gradle.wrapper.GradleWrapperMain app:installDebug -PreactNativeDevServerPort=8081
java_class_path (initial): C:\Users\iremt\Desktop\rn-project\starter-kit-master\android\\gradle\wrapper\gradle-wrapper.jar
Launcher Type: SUN_STANDARD

[Global flags]
     intx CICompilerCount                          = 3                                         {product} {ergonomic}
     uint ConcGCThreads                            = 1                                         {product} {ergonomic}
     uint G1ConcRefinementThreads                  = 4                                         {product} {ergonomic}
   size_t G1HeapRegionSize                         = 1048576                                   {product} {ergonomic}
    uintx GCDrainStackTargetSize                   = 64                                        {product} {ergonomic}
   size_t InitialHeapSize                          = 67108864                                  {product} {command line}
   size_t MarkStackSize                            = 4194304                                   {product} {ergonomic}
   size_t MaxHeapSize                              = 67108864                                  {product} {command line}
   size_t MaxNewSize                               = 39845888                                  {product} {ergonomic}
   size_t MinHeapDeltaBytes                        = 1048576                                   {product} {ergonomic}
   size_t MinHeapSize                              = 67108864                                  {product} {command line}
    uintx NonNMethodCodeHeapSize                   = 5832780                                {pd product} {ergonomic}
    uintx NonProfiledCodeHeapSize                  = 122912730                              {pd product} {ergonomic}
    uintx ProfiledCodeHeapSize                     = 122912730                              {pd product} {ergonomic}
    uintx ReservedCodeCacheSize                    = 251658240                              {pd product} {ergonomic}
     bool SegmentedCodeCache                       = true                                      {product} {ergonomic}
   size_t SoftMaxHeapSize                          = 67108864                               {manageable} {ergonomic}
     bool UseCompressedClassPointers               = true                           {product lp64_product} {ergonomic}
     bool UseCompressedOops                        = true                           {product lp64_product} {ergonomic}
     bool UseG1GC                                  = true                                      {product} {ergonomic}
     bool UseLargePagesIndividualAllocation        = false                                  {pd product} {ergonomic}

Logging:
Log output configuration:
 #0: stdout all=warning uptime,level,tags
 #1: stderr all=off uptime,level,tags

Environment Variables:
JAVA_HOME=C:\Program Files\Amazon Corretto\jdk17.0.16_8
CLASSPATH=C:\Users\iremt\Desktop\rn-project\starter-kit-master\android\\gradle\wrapper\gradle-wrapper.jar
PATH=C:\Users\iremt\Desktop\rn-project\starter-kit-master\node_modules\.bin;C:\Users\iremt\Desktop\rn-project\starter-kit-master\node_modules\.bin;C:\Users\iremt\Desktop\rn-project\node_modules\.bin;C:\Users\iremt\Desktop\node_modules\.bin;C:\Users\iremt\node_modules\.bin;C:\Users\node_modules\.bin;C:\node_modules\.bin;C:\Program Files\nodejs\node_modules\npm\node_modules\@npmcli\run-script\lib\node-gyp-bin;C:\Program Files\Amazon Corretto\jdk17.0.16_8\bin;C:\Program Files\Eclipse Adoptium\jdk-11.0.27.6-hotspot\bin;C:\Windows\system32;C:\Windows;C:\Windows\System32\Wbem;C:\Windows\System32\WindowsPowerShell\v1.0\;C:\Windows\System32\OpenSSH\;C:\Program Files\nodejs\;C:\Users\iremt\AppData\Local\Android\Sdk\platform-tools;C:\Program Files\Git\cmd;C:\Program Files\MySQL\MySQL Shell 8.0\bin\;C:\Users\iremt\AppData\Local\Microsoft\WindowsApps;C:\Users\iremt\AppData\Local\Programs\Microsoft VS Code\bin;C:\Users\iremt\AppData\Roaming\npm
USERNAME=iremt
LANG=en_US.UTF-8
OS=Windows_NT
PROCESSOR_IDENTIFIER=AMD64 Family 23 Model 17 Stepping 0, AuthenticAMD
TMP=C:\Users\iremt\AppData\Local\Temp
TEMP=C:\Users\iremt\AppData\Local\Temp



Periodic native trim disabled


---------------  S Y S T E M  ---------------

OS:
 Windows 10 , 64 bit Build 19041 (10.0.19041.5915)
OS uptime: 3 days 23:56 hours

CPU: total 4 (initial active 4) (4 cores per cpu, 2 threads per core) family 23 model 17 stepping 0 microcode 0x0, cx8, cmov, fxsr, ht, mmx, 3dnowpref, sse, sse2, sse3, ssse3, sse4a, sse4.1, sse4.2, popcnt, lzcnt, tsc, tscinvbit, avx, avx2, aes, clmul, bmi1, bmi2, adx, sha, fma, vzeroupper, clflush, clflushopt
Processor Information for all 4 processors :
  Max Mhz: 2500, Current Mhz: 2500, Mhz Limit: 2500

Memory: 4k page, system-wide physical 3484M (71M free)
TotalPageFile size 14236M (AvailPageFile size 0M)
current process WorkingSet (physical memory assigned to process): 57M, peak: 57M
current process commit charge ("private bytes"): 142M, peak: 142M

vm_info: OpenJDK 64-Bit Server VM (17.0.16+8-LTS) for windows-amd64 JRE (17.0.16+8-LTS), built on Jul  9 2025 19:25:12 by "Administrator" with MS VC++ 16.10 / 16.11 (VS2019)

END.
